<?xml version="1.0" encoding="UTF-8"?>
<testsuite name="jpabook.jpashop.JpaBookApplicationTests" tests="1" skipped="0" failures="0" errors="0" timestamp="2022-04-09T03:36:51" hostname="DESKTOP-DH5MQM9" time="0.691">
  <properties/>
  <testcase name="contextLoads()" classname="jpabook.jpashop.JpaBookApplicationTests" time="0.691"/>
  <system-out><![CDATA[12:36:42.962 [Test worker] DEBUG org.springframework.test.context.BootstrapUtils - Instantiating CacheAwareContextLoaderDelegate from class [org.springframework.test.context.cache.DefaultCacheAwareContextLoaderDelegate]
12:36:42.992 [Test worker] DEBUG org.springframework.test.context.BootstrapUtils - Instantiating BootstrapContext using constructor [public org.springframework.test.context.support.DefaultBootstrapContext(java.lang.Class,org.springframework.test.context.CacheAwareContextLoaderDelegate)]
12:36:43.063 [Test worker] DEBUG org.springframework.test.context.BootstrapUtils - Instantiating TestContextBootstrapper for test class [jpabook.jpashop.JpaBookApplicationTests] from class [org.springframework.boot.test.context.SpringBootTestContextBootstrapper]
12:36:43.095 [Test worker] INFO org.springframework.boot.test.context.SpringBootTestContextBootstrapper - Neither @ContextConfiguration nor @ContextHierarchy found for test class [jpabook.jpashop.JpaBookApplicationTests], using SpringBootContextLoader
12:36:43.107 [Test worker] DEBUG org.springframework.test.context.support.AbstractContextLoader - Did not detect default resource location for test class [jpabook.jpashop.JpaBookApplicationTests]: class path resource [jpabook/jpashop/JpaBookApplicationTests-context.xml] does not exist
12:36:43.109 [Test worker] DEBUG org.springframework.test.context.support.AbstractContextLoader - Did not detect default resource location for test class [jpabook.jpashop.JpaBookApplicationTests]: class path resource [jpabook/jpashop/JpaBookApplicationTestsContext.groovy] does not exist
12:36:43.110 [Test worker] INFO org.springframework.test.context.support.AbstractContextLoader - Could not detect default resource locations for test class [jpabook.jpashop.JpaBookApplicationTests]: no resource found for suffixes {-context.xml, Context.groovy}.
12:36:43.111 [Test worker] INFO org.springframework.test.context.support.AnnotationConfigContextLoaderUtils - Could not detect default configuration classes for test class [jpabook.jpashop.JpaBookApplicationTests]: JpaBookApplicationTests does not declare any static, non-private, non-final, nested classes annotated with @Configuration.
12:36:43.191 [Test worker] DEBUG org.springframework.test.context.support.ActiveProfilesUtils - Could not find an 'annotation declaring class' for annotation type [org.springframework.test.context.ActiveProfiles] and class [jpabook.jpashop.JpaBookApplicationTests]
12:36:43.298 [Test worker] DEBUG org.springframework.context.annotation.ClassPathScanningCandidateComponentProvider - Identified candidate component class: file [C:\Users\young\jpabook\JPABook\build\classes\java\main\jpabook\jpashop\JpaBookApplication.class]
12:36:43.300 [Test worker] INFO org.springframework.boot.test.context.SpringBootTestContextBootstrapper - Found @SpringBootConfiguration jpabook.jpashop.JpaBookApplication for test class jpabook.jpashop.JpaBookApplicationTests
12:36:43.480 [Test worker] DEBUG org.springframework.boot.test.context.SpringBootTestContextBootstrapper - @TestExecutionListeners is not present for class [jpabook.jpashop.JpaBookApplicationTests]: using defaults.
12:36:43.481 [Test worker] INFO org.springframework.boot.test.context.SpringBootTestContextBootstrapper - Loaded default TestExecutionListener class names from location [META-INF/spring.factories]: [org.springframework.boot.test.autoconfigure.restdocs.RestDocsTestExecutionListener, org.springframework.boot.test.autoconfigure.web.client.MockRestServiceServerResetTestExecutionListener, org.springframework.boot.test.autoconfigure.web.servlet.MockMvcPrintOnlyOnFailureTestExecutionListener, org.springframework.boot.test.autoconfigure.web.servlet.WebDriverTestExecutionListener, org.springframework.boot.test.autoconfigure.webservices.client.MockWebServiceServerTestExecutionListener, org.springframework.boot.test.mock.mockito.MockitoTestExecutionListener, org.springframework.boot.test.mock.mockito.ResetMocksTestExecutionListener, org.springframework.test.context.web.ServletTestExecutionListener, org.springframework.test.context.support.DirtiesContextBeforeModesTestExecutionListener, org.springframework.test.context.event.ApplicationEventsTestExecutionListener, org.springframework.test.context.support.DependencyInjectionTestExecutionListener, org.springframework.test.context.support.DirtiesContextTestExecutionListener, org.springframework.test.context.transaction.TransactionalTestExecutionListener, org.springframework.test.context.jdbc.SqlScriptsTestExecutionListener, org.springframework.test.context.event.EventPublishingTestExecutionListener]
12:36:43.520 [Test worker] INFO org.springframework.boot.test.context.SpringBootTestContextBootstrapper - Using TestExecutionListeners: [org.springframework.test.context.web.ServletTestExecutionListener@3c291aad, org.springframework.test.context.support.DirtiesContextBeforeModesTestExecutionListener@2d0566ba, org.springframework.test.context.event.ApplicationEventsTestExecutionListener@733037, org.springframework.boot.test.mock.mockito.MockitoTestExecutionListener@7728643a, org.springframework.boot.test.autoconfigure.SpringBootDependencyInjectionTestExecutionListener@320e400, org.springframework.test.context.support.DirtiesContextTestExecutionListener@5167268, org.springframework.test.context.transaction.TransactionalTestExecutionListener@1cfd1875, org.springframework.test.context.jdbc.SqlScriptsTestExecutionListener@28c0b664, org.springframework.test.context.event.EventPublishingTestExecutionListener@2c444798, org.springframework.boot.test.autoconfigure.restdocs.RestDocsTestExecutionListener@1af7f54a, org.springframework.boot.test.autoconfigure.web.client.MockRestServiceServerResetTestExecutionListener@6ebd78d1, org.springframework.boot.test.autoconfigure.web.servlet.MockMvcPrintOnlyOnFailureTestExecutionListener@436390f4, org.springframework.boot.test.autoconfigure.web.servlet.WebDriverTestExecutionListener@4d157787, org.springframework.boot.test.autoconfigure.webservices.client.MockWebServiceServerTestExecutionListener@68ed96ca, org.springframework.boot.test.mock.mockito.ResetMocksTestExecutionListener@6d1310f6]
12:36:43.531 [Test worker] DEBUG org.springframework.test.context.support.AbstractDirtiesContextTestExecutionListener - Before test class: context [DefaultTestContext@60afd40d testClass = JpaBookApplicationTests, testInstance = [null], testMethod = [null], testException = [null], mergedContextConfiguration = [WebMergedContextConfiguration@28a2a3e7 testClass = JpaBookApplicationTests, locations = '{}', classes = '{class jpabook.jpashop.JpaBookApplication}', contextInitializerClasses = '[]', activeProfiles = '{}', propertySourceLocations = '{}', propertySourceProperties = '{org.springframework.boot.test.context.SpringBootTestContextBootstrapper=true}', contextCustomizers = set[org.springframework.boot.test.autoconfigure.actuate.metrics.MetricsExportContextCustomizerFactory$DisableMetricExportContextCustomizer@1af146, org.springframework.boot.test.autoconfigure.properties.PropertyMappingContextCustomizer@0, org.springframework.boot.test.autoconfigure.web.servlet.WebDriverContextCustomizerFactory$Customizer@20a8a64e, org.springframework.boot.test.context.filter.ExcludeFilterContextCustomizer@65b3a85a, org.springframework.boot.test.json.DuplicateJsonObjectContextCustomizerFactory$DuplicateJsonObjectContextCustomizer@2b5825fa, org.springframework.boot.test.mock.mockito.MockitoContextCustomizer@0, org.springframework.boot.test.web.client.TestRestTemplateContextCustomizer@42f48531, org.springframework.boot.test.context.SpringBootTestArgs@1, org.springframework.boot.test.context.SpringBootTestWebEnvironment@35a3d49f], resourceBasePath = 'src/main/webapp', contextLoader = 'org.springframework.boot.test.context.SpringBootContextLoader', parent = [null]], attributes = map['org.springframework.test.context.web.ServletTestExecutionListener.activateListener' -> true]], class annotated with @DirtiesContext [false] with mode [null].

  .   ____          _            __ _ _
 /\\ / ___'_ __ _ _(_)_ __  __ _ \ \ \ \
( ( )\___ | '_ | '_| | '_ \/ _` | \ \ \ \
 \\/  ___)| |_)| | | | | || (_| |  ) ) ) )
  '  |____| .__|_| |_|_| |_\__, | / / / /
 =========|_|==============|___/=/_/_/_/
 :: Spring Boot ::                (v2.6.6)

2022-04-09 12:36:44.140  INFO 36476 --- [    Test worker] jpabook.jpashop.JpaBookApplicationTests  : Starting JpaBookApplicationTests using Java 11.0.13 on DESKTOP-DH5MQM9 with PID 36476 (started by young in C:\Users\young\jpabook\JPABook)
2022-04-09 12:36:44.142  INFO 36476 --- [    Test worker] jpabook.jpashop.JpaBookApplicationTests  : No active profile set, falling back to 1 default profile: "default"
2022-04-09 12:36:45.412  INFO 36476 --- [    Test worker] .s.d.r.c.RepositoryConfigurationDelegate : Bootstrapping Spring Data JPA repositories in DEFAULT mode.
2022-04-09 12:36:45.444  INFO 36476 --- [    Test worker] .s.d.r.c.RepositoryConfigurationDelegate : Finished Spring Data repository scanning in 13 ms. Found 0 JPA repository interfaces.
2022-04-09 12:36:46.520  INFO 36476 --- [    Test worker] com.zaxxer.hikari.HikariDataSource       : HikariPool-1 - Starting...
2022-04-09 12:36:46.895  INFO 36476 --- [    Test worker] com.zaxxer.hikari.HikariDataSource       : HikariPool-1 - Start completed.
2022-04-09 12:36:47.095  INFO 36476 --- [    Test worker] o.hibernate.jpa.internal.util.LogHelper  : HHH000204: Processing PersistenceUnitInfo [name: default]
2022-04-09 12:36:47.244  INFO 36476 --- [    Test worker] org.hibernate.Version                    : HHH000412: Hibernate ORM core version 5.6.7.Final
2022-04-09 12:36:47.805  INFO 36476 --- [    Test worker] o.hibernate.annotations.common.Version   : HCANN000001: Hibernate Commons Annotations {5.1.2.Final}
2022-04-09 12:36:48.243  INFO 36476 --- [    Test worker] org.hibernate.dialect.Dialect            : HHH000400: Using dialect: org.hibernate.dialect.H2Dialect
2022-04-09 12:36:48.859  INFO 36476 --- [    Test worker] o.h.e.t.j.p.i.JtaPlatformInitiator       : HHH000490: Using JtaPlatform implementation: [org.hibernate.engine.transaction.jta.platform.internal.NoJtaPlatform]
2022-04-09 12:36:48.884  INFO 36476 --- [    Test worker] j.LocalContainerEntityManagerFactoryBean : Initialized JPA EntityManagerFactory for persistence unit 'default'
2022-04-09 12:36:49.430  WARN 36476 --- [    Test worker] JpaBaseConfiguration$JpaWebConfiguration : spring.jpa.open-in-view is enabled by default. Therefore, database queries may be performed during view rendering. Explicitly configure spring.jpa.open-in-view to disable this warning
2022-04-09 12:36:51.237  INFO 36476 --- [    Test worker] jpabook.jpashop.JpaBookApplicationTests  : Started JpaBookApplicationTests in 7.642 seconds (JVM running for 10.219)
]]></system-out>
  <system-err><![CDATA[]]></system-err>
</testsuite>
